
🔍 [15:45:11] 正在监听... (获取到 42 条历史数据，无净增减仓)🔍 [15:45:13] 正在监听... (获取到 42 条历史数据，无净增减仓)🔍 [15:45:14] 正在监听... (获取到 42 条历史数据，无净增减仓)🔍 [15:45:15] 正在监听... (获取到 42 条历史数据，无净增减仓)🔍 [15:45:16] 正在监听... (获取到 42 条历史数据，无净增减仓)🔍 [15:45:17] 正在监听... (获取到 42 条历史数据，无净增减仓)🔍 [15:45:18] 正在监听... (获取到 42 条历史数据，无净增减仓)🔍 [15:45:19] 正在监听... (获取到 42 条历史数据，无净增减仓)🔍 [15:45:20] 正在监听... (获取到 42 条历史数据，无净增减仓)🔍 [15:45:21] 正在监听... (获取到 42 条历史数据，无净增减仓)🔍 [15:45:22] 正在监听... (获取到 42 条历史数据，无净增减仓)🔍 [15:45:23] 正在监听... (获取到 42 条历史数据，无净增减仓)🔍 [15:45:24] 正在监听... (获取到 42 条历史数据，无净增减仓)🔍 [15:45:25] 正在监听... (获取到 42 条历史数据，无净增减仓)🔍 [15:45:26] 正在监听... (获取到 42 条历史数据，无净增减仓)🔍 [15:45:28] 正在监听... (获取到 42 条历史数据，无净增减仓)🔍 [15:45:29] 正在监听... (获取到 42 条历史数据，无净增减仓)🔍 [15:45:30] 正在监听... (获取到 42 条历史数据，无净增减仓)🔍 [15:45:31] 正在监听... (获取到 42 条历史数据，无净增减仓)🔍 [15:45:32] 正在监听... (获取到 42 条历史数据，无净增减仓)
🛡️ 🛡️ 🛡️ 🛡️ 🛡️ 🛡️ 🛡️ 🛡️ 🛡️ 🛡️ 🛡️ 🛡️ 🛡️ 🛡️ 🛡️ 🛡️ 🛡️ 🛡️ 🛡️ 🛡️ 
      POLYMARKET 多路自动化跟单系统启动
      -----------------------------------
💰 [我的执行钱包] : 0xca170825729cb4fe2127809608b1c2f23d01012d
📡 [正在监控目标] : 1 个地址
   - 0x6022a1784a55b8070de42d19484bbff95fa7c60a
🛡️ 🛡️ 🛡️ 🛡️ 🛡️ 🛡️ 🛡️ 🛡️ 🛡️ 🛡️ 🛡️ 🛡️ 🛡️ 🛡️ 🛡️ 🛡️ 🛡️ 🛡️ 🛡️ 🛡️ 

⚙️  全局策略配置: {'mode': 3, 'param': 5, 'order_type': 'FOK'}
[OK] Client initialized for 0xca170825...
🚀 [系统] 实盘下单处理器已就绪 | 模式: 3 | 参数: 5
🛡️  启动多路监听系统 (共 1 个目标)
⏱️  轮询间隔: 1 秒
--------------------------------------------------------------------------------
🚀 [线程启动] 开始监听: 0x6022a1784a55b8070de42d19484bbff95fa7c60a
📍 [0x6022a1..] 初始化起点: 15:34:00

🛡️ 🛡️ 🛡️ 🛡️ 🛡️ 🛡️ 🛡️ 🛡️ 🛡️ 🛡️ 🛡️ 🛡️ 🛡️ 🛡️ 🛡️ 🛡️ 🛡️ 🛡️ 🛡️ 🛡️ 
      POLYMARKET 多路自动化跟单系统启动
      -----------------------------------
💰 [我的执行钱包] : 0xca170825729cb4fe2127809608b1c2f23d01012d
📡 [正在监控目标] : 1 个地址
   - 0xca170825729cb4fe2127809608b1c2f23d01012d
🛡️ 🛡️ 🛡️ 🛡️ 🛡️ 🛡️ 🛡️ 🛡️ 🛡️ 🛡️ 🛡️ 🛡️ 🛡️ 🛡️ 🛡️ 🛡️ 🛡️ 🛡️ 🛡️ 🛡️ 

🚨 [错误] 监听目标包含当前执行钱包 (0xca170825729cb4fe2127809608b1c2f23d01012d)，系统拒绝启动！

🛡️ 🛡️ 🛡️ 🛡️ 🛡️ 🛡️ 🛡️ 🛡️ 🛡️ 🛡️ 🛡️ 🛡️ 🛡️ 🛡️ 🛡️ 🛡️ 🛡️ 🛡️ 🛡️ 🛡️ 
      POLYMARKET 多路自动化跟单系统启动
      -----------------------------------
💰 [我的执行钱包] : 0xca170825729cb4fe2127809608b1c2f23d01012d
📡 [正在监控目标] : 1 个地址
   - 0xca170825729cb4fe2127809608b1c2f23d01012d
🛡️ 🛡️ 🛡️ 🛡️ 🛡️ 🛡️ 🛡️ 🛡️ 🛡️ 🛡️ 🛡️ 🛡️ 🛡️ 🛡️ 🛡️ 🛡️ 🛡️ 🛡️ 🛡️ 🛡️ 

🚨 [错误] 监听目标包含当前执行钱包 (0xca170825729cb4fe2127809608b1c2f23d01012d)，系统拒绝启动！

🛡️ 🛡️ 🛡️ 🛡️ 🛡️ 🛡️ 🛡️ 🛡️ 🛡️ 🛡️ 🛡️ 🛡️ 🛡️ 🛡️ 🛡️ 🛡️ 🛡️ 🛡️ 🛡️ 🛡️ 
      POLYMARKET 多路自动化跟单系统启动
      -----------------------------------
💰 [我的执行钱包] : 0xca170825729cb4fe2127809608b1c2f23d01012d
📡 [正在监控目标] : 1 个地址
   - 0xca170825729cb4fe2127809608b1c2f23d01012d
🛡️ 🛡️ 🛡️ 🛡️ 🛡️ 🛡️ 🛡️ 🛡️ 🛡️ 🛡️ 🛡️ 🛡️ 🛡️ 🛡️ 🛡️ 🛡️ 🛡️ 🛡️ 🛡️ 🛡️ 

🚨 [错误] 监听目标包含当前执行钱包 (0xca170825729cb4fe2127809608b1c2f23d01012d)，系统拒绝启动！

🛡️ 🛡️ 🛡️ 🛡️ 🛡️ 🛡️ 🛡️ 🛡️ 🛡️ 🛡️ 🛡️ 🛡️ 🛡️ 🛡️ 🛡️ 🛡️ 🛡️ 🛡️ 🛡️ 🛡️ 
      POLYMARKET 多路自动化跟单系统启动
      -----------------------------------
💰 [我的执行钱包] : 0xca170825729cb4fe2127809608b1c2f23d01012d
📡 [正在监控目标] : 1 个地址
   - 0xca170825729cb4fe2127809608b1c2f23d01012d
🛡️ 🛡️ 🛡️ 🛡️ 🛡️ 🛡️ 🛡️ 🛡️ 🛡️ 🛡️ 🛡️ 🛡️ 🛡️ 🛡️ 🛡️ 🛡️ 🛡️ 🛡️ 🛡️ 🛡️ 

🚨 [错误] 监听目标包含当前执行钱包 (0xca170825729cb4fe2127809608b1c2f23d01012d)，系统拒绝启动！

🛡️ 🛡️ 🛡️ 🛡️ 🛡️ 🛡️ 🛡️ 🛡️ 🛡️ 🛡️ 🛡️ 🛡️ 🛡️ 🛡️ 🛡️ 🛡️ 🛡️ 🛡️ 🛡️ 🛡️ 
      POLYMARKET 多路自动化跟单系统启动
      -----------------------------------
💰 [我的执行钱包] : 0xca170825729cb4fe2127809608b1c2f23d01012d
📡 [正在监控目标] : 1 个地址
   - 0xca170825729cb4fe2127809608b1c2f23d01012d
🛡️ 🛡️ 🛡️ 🛡️ 🛡️ 🛡️ 🛡️ 🛡️ 🛡️ 🛡️ 🛡️ 🛡️ 🛡️ 🛡️ 🛡️ 🛡️ 🛡️ 🛡️ 🛡️ 🛡️ 

🚨 [错误] 监听目标包含当前执行钱包 (0xca170825729cb4fe2127809608b1c2f23d01012d)，系统拒绝启动！

🛡️ 🛡️ 🛡️ 🛡️ 🛡️ 🛡️ 🛡️ 🛡️ 🛡️ 🛡️ 🛡️ 🛡️ 🛡️ 🛡️ 🛡️ 🛡️ 🛡️ 🛡️ 🛡️ 🛡️ 
      POLYMARKET 多路自动化跟单系统启动
      -----------------------------------
💰 [我的执行钱包] : 0xca170825729cb4fe2127809608b1c2f23d01012d
📡 [正在监控目标] : 1 个地址
   - 0xca170825729cb4fe2127809608b1c2f23d01012d
🛡️ 🛡️ 🛡️ 🛡️ 🛡️ 🛡️ 🛡️ 🛡️ 🛡️ 🛡️ 🛡️ 🛡️ 🛡️ 🛡️ 🛡️ 🛡️ 🛡️ 🛡️ 🛡️ 🛡️ 

⚠️ [警告] 您正在监听自己的执行钱包 (0xca170825729cb4fe2127809608b1c2f23d01012d)。
   这可能会导致循环跟单！请确保您知道自己在做什么。
⚙️  全局策略配置: {'mode': 3, 'param': 5, 'order_type': 'FOK'}
[OK] Client initialized for 0xca170825...
🚀 [系统] 实盘下单处理器已就绪 | 模式: 3 | 参数: 5
🛡️  启动多路监听系统 (共 1 个目标)
⏱️  轮询间隔: 1 秒
--------------------------------------------------------------------------------
🚀 [线程启动] 开始监听: 0xca170825729cb4fe2127809608b1c2f23d01012d
📍 [0xca1708..] 初始化起点: 15:35:40
DEBUG: CLI Args: Namespace(targets='0xca170825729cb4fe2127809608b1c2f23d01012d', strategy='eyJtb2RlIjogMywgInBhcmFtIjogNSwgIm9yZGVyX3R5cGUiOiAiRk9LIn0=', exec_address=None, exec_key=None)

🛡️ 🛡️ 🛡️ 🛡️ 🛡️ 🛡️ 🛡️ 🛡️ 🛡️ 🛡️ 🛡️ 🛡️ 🛡️ 🛡️ 🛡️ 🛡️ 🛡️ 🛡️ 🛡️ 🛡️ 
      POLYMARKET 多路自动化跟单系统启动
      -----------------------------------
💰 [我的执行钱包] : 0xca170825729cb4fe2127809608b1c2f23d01012d
📡 [正在监控目标] : 1 个地址
   - 0xca170825729cb4fe2127809608b1c2f23d01012d
🛡️ 🛡️ 🛡️ 🛡️ 🛡️ 🛡️ 🛡️ 🛡️ 🛡️ 🛡️ 🛡️ 🛡️ 🛡️ 🛡️ 🛡️ 🛡️ 🛡️ 🛡️ 🛡️ 🛡️ 

⚠️ [警告] 您正在监听自己的执行钱包 (0xca170825729cb4fe2127809608b1c2f23d01012d)。
   这可能会导致循环跟单！请确保您知道自己在做什么。
⚙️  全局策略配置: {'mode': 3, 'param': 5, 'order_type': 'FOK'}
[OK] Client initialized for 0xca170825...
🚀 [系统] 实盘下单处理器已就绪 | 模式: 3 | 参数: 5
🛡️  启动多路监听系统 (共 1 个目标)
⏱️  轮询间隔: 1 秒
--------------------------------------------------------------------------------
🚀 [线程启动] 开始监听: 0xca170825729cb4fe2127809608b1c2f23d01012d
📍 [0xca1708..] 初始化起点: 15:35:40
DEBUG: CLI Args: Namespace(targets='0xca170825729cb4fe2127809608b1c2f23d01012d', strategy='eyJtb2RlIjogMywgInBhcmFtIjogNSwgIm9yZGVyX3R5cGUiOiAiRk9LIn0=', exec_address=None, exec_key=None)

🛡️ 🛡️ 🛡️ 🛡️ 🛡️ 🛡️ 🛡️ 🛡️ 🛡️ 🛡️ 🛡️ 🛡️ 🛡️ 🛡️ 🛡️ 🛡️ 🛡️ 🛡️ 🛡️ 🛡️ 
      POLYMARKET 多路自动化跟单系统启动
      -----------------------------------
💰 [我的执行钱包] : 0xca170825729cb4fe2127809608b1c2f23d01012d
📡 [正在监控目标] : 1 个地址
   - 0xca170825729cb4fe2127809608b1c2f23d01012d
🛡️ 🛡️ 🛡️ 🛡️ 🛡️ 🛡️ 🛡️ 🛡️ 🛡️ 🛡️ 🛡️ 🛡️ 🛡️ 🛡️ 🛡️ 🛡️ 🛡️ 🛡️ 🛡️ 🛡️ 

⚠️ [警告] 您正在监听自己的执行钱包 (0xca170825729cb4fe2127809608b1c2f23d01012d)。
   这可能会导致循环跟单！请确保您知道自己在做什么。
⚙️  全局策略配置: {'mode': 3, 'param': 5, 'order_type': 'FOK'}
[OK] Client initialized for 0xca170825...
🚀 [系统] 实盘下单处理器已就绪 | 模式: 3 | 参数: 5
🛡️  启动多路监听系统 (共 1 个目标)
⏱️  轮询间隔: 1 秒
--------------------------------------------------------------------------------
🚀 [线程启动] 开始监听: 0xca170825729cb4fe2127809608b1c2f23d01012d
📍 [0xca1708..] 初始化起点: 15:35:40
DEBUG: CLI Args: Namespace(targets='0xca170825729cb4fe2127809608b1c2f23d01012d', strategy='eyJtb2RlIjogMywgInBhcmFtIjogNSwgIm9yZGVyX3R5cGUiOiAiRk9LIn0=', exec_address=None, exec_key=None)

🛡️ 🛡️ 🛡️ 🛡️ 🛡️ 🛡️ 🛡️ 🛡️ 🛡️ 🛡️ 🛡️ 🛡️ 🛡️ 🛡️ 🛡️ 🛡️ 🛡️ 🛡️ 🛡️ 🛡️ 
      POLYMARKET 多路自动化跟单系统启动
      -----------------------------------
💰 [我的执行钱包] : 0xca170825729cb4fe2127809608b1c2f23d01012d
📡 [正在监控目标] : 1 个地址
   - 0xca170825729cb4fe2127809608b1c2f23d01012d
🛡️ 🛡️ 🛡️ 🛡️ 🛡️ 🛡️ 🛡️ 🛡️ 🛡️ 🛡️ 🛡️ 🛡️ 🛡️ 🛡️ 🛡️ 🛡️ 🛡️ 🛡️ 🛡️ 🛡️ 

⚠️ [警告] 您正在监听自己的执行钱包 (0xca170825729cb4fe2127809608b1c2f23d01012d)。
   这可能会导致循环跟单！请确保您知道自己在做什么。
⚙️  全局策略配置: {'mode': 3, 'param': 5, 'order_type': 'FOK'}
[OK] Client initialized for 0xca170825...
🚀 [系统] 实盘下单处理器已就绪 | 模式: 3 | 参数: 5
🛡️  启动多路监听系统 (共 1 个目标)
⏱️  轮询间隔: 1 秒
--------------------------------------------------------------------------------
🚀 [线程启动] 开始监听: 0xca170825729cb4fe2127809608b1c2f23d01012d
📍 [0xca1708..] 初始化起点: 15:35:40
DEBUG: CLI Args: Namespace(targets='0xca170825729cb4fe2127809608b1c2f23d01012d', strategy='eyJtb2RlIjogMywgInBhcmFtIjogNSwgIm9yZGVyX3R5cGUiOiAiRk9LIn0=', exec_address='0x6022a1784a55b8070de42d19484bbff95fa7c60a', exec_key='0x670bc3b4de500e7381ab05ccc120461a3797711cbc6bb92158dd171ac9b5a0f2')

🛡️ 🛡️ 🛡️ 🛡️ 🛡️ 🛡️ 🛡️ 🛡️ 🛡️ 🛡️ 🛡️ 🛡️ 🛡️ 🛡️ 🛡️ 🛡️ 🛡️ 🛡️ 🛡️ 🛡️ 
      POLYMARKET 多路自动化跟单系统启动
      -----------------------------------
💰 [我的执行钱包] : 0x6022a1784a55b8070de42d19484bbff95fa7c60a
📡 [正在监控目标] : 1 个地址
   - 0xca170825729cb4fe2127809608b1c2f23d01012d
🛡️ 🛡️ 🛡️ 🛡️ 🛡️ 🛡️ 🛡️ 🛡️ 🛡️ 🛡️ 🛡️ 🛡️ 🛡️ 🛡️ 🛡️ 🛡️ 🛡️ 🛡️ 🛡️ 🛡️ 

⚙️  全局策略配置: {'mode': 3, 'param': 5, 'order_type': 'FOK'}
[OK] Client initialized for 0x6022a178...
🚀 [系统] 实盘下单处理器已就绪 | 模式: 3 | 参数: 5
🛡️  启动多路监听系统 (共 1 个目标)
⏱️  轮询间隔: 1 秒
--------------------------------------------------------------------------------
🚀 [线程启动] 开始监听: 0xca170825729cb4fe2127809608b1c2f23d01012d
📍 [0xca1708..] 初始化起点: 15:35:40

🛡️ 🛡️ 🛡️ 🛡️ 🛡️ 🛡️ 🛡️ 🛡️ 🛡️ 🛡️ 🛡️ 🛡️ 🛡️ 🛡️ 🛡️ 🛡️ 🛡️ 🛡️ 🛡️ 🛡️ 
      POLYMARKET 多路自动化跟单系统启动
      -----------------------------------
💰 [我的执行钱包] : 0x6022a1784a55b8070de42d19484bbff95fa7c60a
📡 [正在监控目标] : 1 个地址
   - 0xca170825729cb4fe2127809608b1c2f23d01012d
🛡️ 🛡️ 🛡️ 🛡️ 🛡️ 🛡️ 🛡️ 🛡️ 🛡️ 🛡️ 🛡️ 🛡️ 🛡️ 🛡️ 🛡️ 🛡️ 🛡️ 🛡️ 🛡️ 🛡️ 

⚙️  全局策略配置: {'mode': 3, 'param': 5, 'order_type': 'FOK'}
[OK] Client initialized for 0x6022a178...
🚀 [系统] 实盘下单处理器已就绪 | 模式: 3 | 参数: 5
🛡️  启动多路监听系统 (共 1 个目标)
⏱️  轮询间隔: 1 秒
--------------------------------------------------------------------------------
🚀 [线程启动] 开始监听: 0xca170825729cb4fe2127809608b1c2f23d01012d
📍 [0xca1708..] 初始化起点: 16:33:08

🛡️ 🛡️ 🛡️ 🛡️ 🛡️ 🛡️ 🛡️ 🛡️ 🛡️ 🛡️ 🛡️ 🛡️ 🛡️ 🛡️ 🛡️ 🛡️ 🛡️ 🛡️ 🛡️ 🛡️ 
      POLYMARKET 多路自动化跟单系统启动
      -----------------------------------
💰 [我的执行钱包] : 0xca170825729cb4fe2127809608b1c2f23d01012d
📡 [正在监控目标] : 1 个地址
   - 0xdb27bf2ac5d428a9c63dbc914611036855a6c56e
🛡️ 🛡️ 🛡️ 🛡️ 🛡️ 🛡️ 🛡️ 🛡️ 🛡️ 🛡️ 🛡️ 🛡️ 🛡️ 🛡️ 🛡️ 🛡️ 🛡️ 🛡️ 🛡️ 🛡️ 

⚙️  全局策略配置: {'mode': 3, 'param': 5, 'order_type': 'FOK'}
[OK] Client initialized for 0xca170825...
🚀 [系统] 实盘下单处理器已就绪 | 模式: 3 | 参数: 5
🛡️  启动多路监听系统 (共 1 个目标)
⏱️  轮询间隔: 1 秒
--------------------------------------------------------------------------------
🚀 [线程启动] 开始监听: 0xdb27bf2ac5d428a9c63dbc914611036855a6c56e
📍 [0xdb27bf..] 初始化起点: 03:47:10

🛑 正在停止所有监听线程...

🛡️ 🛡️ 🛡️ 🛡️ 🛡️ 🛡️ 🛡️ 🛡️ 🛡️ 🛡️ 🛡️ 🛡️ 🛡️ 🛡️ 🛡️ 🛡️ 🛡️ 🛡️ 🛡️ 🛡️ 
      POLYMARKET 多路自动化跟单系统启动
      -----------------------------------
💰 [我的执行钱包] : 0xca170825729cb4fe2127809608b1c2f23d01012d
📡 [正在监控目标] : 1 个地址
   - 0xdb27bf2ac5d428a9c63dbc914611036855a6c56e
🛡️ 🛡️ 🛡️ 🛡️ 🛡️ 🛡️ 🛡️ 🛡️ 🛡️ 🛡️ 🛡️ 🛡️ 🛡️ 🛡️ 🛡️ 🛡️ 🛡️ 🛡️ 🛡️ 🛡️ 

⚙️  全局策略配置: {'mode': 3, 'param': 5, 'order_type': 'FOK'}
[OK] Client initialized for 0xca170825...
🚀 [系统] 实盘下单处理器已就绪 | 模式: 3 | 参数: 5
🛡️  启动多路监听系统 (共 1 个目标)
⏱️  轮询间隔: 1 秒
--------------------------------------------------------------------------------
🚀 [线程启动] 开始监听: 0xdb27bf2ac5d428a9c63dbc914611036855a6c56e
📍 [0xdb27bf..] 初始化起点: 03:47:10

🛡️ 🛡️ 🛡️ 🛡️ 🛡️ 🛡️ 🛡️ 🛡️ 🛡️ 🛡️ 🛡️ 🛡️ 🛡️ 🛡️ 🛡️ 🛡️ 🛡️ 🛡️ 🛡️ 🛡️ 
      POLYMARKET 多路自动化跟单系统启动
      -----------------------------------
💰 [我的执行钱包] : 0xca170825729cb4fe2127809608b1c2f23d01012d
📡 [正在监控目标] : 1 个地址
   - 0xd82079c0d6b837bad90abf202befc079da5819f6
🛡️ 🛡️ 🛡️ 🛡️ 🛡️ 🛡️ 🛡️ 🛡️ 🛡️ 🛡️ 🛡️ 🛡️ 🛡️ 🛡️ 🛡️ 🛡️ 🛡️ 🛡️ 🛡️ 🛡️ 

⚙️  全局策略配置: {'mode': 3, 'param': 5, 'order_type': 'FOK'}
[OK] Client initialized for 0xca170825...
🚀 [系统] 实盘下单处理器已就绪 | 模式: 3 | 参数: 5
🛡️  启动多路监听系统 (共 1 个目标)
⏱️  轮询间隔: 1 秒
--------------------------------------------------------------------------------
🚀 [线程启动] 开始监听: 0xd82079c0d6b837bad90abf202befc079da5819f6
📍 [0xd82079..] 初始化起点: 03:44:32

🛑 正在停止所有监听线程...

🛑 正在停止所有监听线程...
